2021-01-08 00:03:57,677 INFO PERFORMANCE:|5|5|-1|-1

2021-01-08 00:08:57,791 INFO PERFORMANCE:|5|5|-1|-1

2021-01-08 00:13:57,792 INFO PERFORMANCE:|5|5|-1|-1

2021-01-08 00:18:57,793 INFO PERFORMANCE:|5|5|-1|-1

2021-01-08 00:23:57,794 INFO PERFORMANCE:|5|5|-1|-1

2021-01-08 00:28:57,795 INFO PERFORMANCE:|5|5|-1|-1

2021-01-08 00:33:57,796 INFO PERFORMANCE:|5|5|-1|-1

2021-01-08 00:38:57,797 INFO PERFORMANCE:|5|5|-1|-1

2021-01-08 00:43:57,798 INFO PERFORMANCE:|5|5|-1|-1

2021-01-08 00:48:57,799 INFO PERFORMANCE:|5|5|-1|-1

2021-01-08 00:53:57,800 INFO PERFORMANCE:|5|5|-1|-1

2021-01-08 00:58:57,801 INFO PERFORMANCE:|5|5|-1|-1

2021-01-08 01:03:57,803 INFO PERFORMANCE:|5|5|-1|-1

2021-01-08 01:08:57,804 INFO PERFORMANCE:|5|5|-1|-1

2021-01-08 01:13:57,806 INFO PERFORMANCE:|5|5|-1|-1

2021-01-08 01:18:57,807 INFO PERFORMANCE:|5|5|-1|-1

2021-01-08 01:23:57,808 INFO PERFORMANCE:|5|5|-1|-1

2021-01-08 01:28:57,809 INFO PERFORMANCE:|5|5|-1|-1

2021-01-08 01:33:57,810 INFO PERFORMANCE:|5|5|-1|-1

2021-01-08 01:38:57,811 INFO PERFORMANCE:|5|5|-1|-1

2021-01-08 01:43:57,812 INFO PERFORMANCE:|5|5|-1|-1

2021-01-08 01:48:57,813 INFO PERFORMANCE:|5|5|-1|-1

2021-01-08 01:53:57,815 INFO PERFORMANCE:|5|5|-1|-1

2021-01-08 01:58:57,816 INFO PERFORMANCE:|5|5|-1|-1

2021-01-08 07:45:23,884 INFO PERFORMANCE:|5|5|6|3

2021-01-08 07:50:23,885 INFO PERFORMANCE:|5|5|-1|-1

2021-01-08 07:55:23,886 INFO PERFORMANCE:|5|5|-1|-1

