2021-01-07 13:10:09,984 INFO GlobalConfig{taskDispatchPeriod=200, batchSyncKeyCount=1000, syncRetryDelay=5000, dataWarmup=true, expireInstance=true, loadDataRetryDelayMillis=30000}

2021-01-07 13:10:11,567 INFO [NACOS-DISTRO] healthy server list changed, old: [172.18.0.3:8848], new: [172.18.0.3:8848]

2021-01-07 13:10:12,636 INFO open empty service auto clean job, initialDelay : 50000 ms, period : 30000 ms

2021-01-07 13:10:12,638 INFO listen for service meta change

2021-01-07 13:12:25,761 INFO GlobalConfig{taskDispatchPeriod=200, batchSyncKeyCount=1000, syncRetryDelay=5000, dataWarmup=true, expireInstance=true, loadDataRetryDelayMillis=30000}

2021-01-07 13:12:26,730 INFO [NACOS-DISTRO] healthy server list changed, old: [172.18.0.3:8848], new: [172.18.0.3:8848]

2021-01-07 13:12:27,683 INFO open empty service auto clean job, initialDelay : 50000 ms, period : 30000 ms

2021-01-07 13:12:27,684 INFO listen for service meta change

2021-01-07 13:19:53,186 INFO GlobalConfig{taskDispatchPeriod=200, batchSyncKeyCount=1000, syncRetryDelay=5000, dataWarmup=true, expireInstance=true, loadDataRetryDelayMillis=30000}

2021-01-07 13:19:54,259 INFO [NACOS-DISTRO] healthy server list changed, old: [570ae5b08f2c:8848], new: [570ae5b08f2c:8848]

2021-01-07 13:19:55,296 INFO open empty service auto clean job, initialDelay : 50000 ms, period : 30000 ms

2021-01-07 13:19:55,297 INFO listen for service meta change

2021-01-07 13:26:04,134 INFO GlobalConfig{taskDispatchPeriod=200, batchSyncKeyCount=1000, syncRetryDelay=5000, dataWarmup=true, expireInstance=true, loadDataRetryDelayMillis=30000}

2021-01-07 13:26:05,355 INFO [NACOS-DISTRO] healthy server list changed, old: [67f3334517c3:8848], new: [67f3334517c3:8848]

2021-01-07 13:26:06,559 INFO open empty service auto clean job, initialDelay : 50000 ms, period : 30000 ms

2021-01-07 13:26:06,561 INFO listen for service meta change

2021-01-07 13:29:56,518 INFO GlobalConfig{taskDispatchPeriod=200, batchSyncKeyCount=1000, syncRetryDelay=5000, dataWarmup=true, expireInstance=true, loadDataRetryDelayMillis=30000}

2021-01-07 13:29:57,616 INFO [NACOS-DISTRO] healthy server list changed, old: [b14d860e285a:8848], new: [b14d860e285a:8848]

2021-01-07 13:29:58,547 INFO open empty service auto clean job, initialDelay : 50000 ms, period : 30000 ms

2021-01-07 13:29:58,548 INFO listen for service meta change

2021-01-07 13:31:29,283 INFO GlobalConfig{taskDispatchPeriod=200, batchSyncKeyCount=1000, syncRetryDelay=5000, dataWarmup=true, expireInstance=true, loadDataRetryDelayMillis=30000}

2021-01-07 13:31:30,834 INFO [NACOS-DISTRO] healthy server list changed, old: [6cb06185a17f:8848], new: [6cb06185a17f:8848]

2021-01-07 13:31:31,641 INFO open empty service auto clean job, initialDelay : 50000 ms, period : 30000 ms

2021-01-07 13:31:31,642 INFO listen for service meta change

2021-01-07 13:37:22,997 INFO GlobalConfig{taskDispatchPeriod=200, batchSyncKeyCount=1000, syncRetryDelay=5000, dataWarmup=true, expireInstance=true, loadDataRetryDelayMillis=30000}

2021-01-07 13:37:24,184 INFO [NACOS-DISTRO] healthy server list changed, old: [6cb06185a17f:8848], new: [6cb06185a17f:8848]

2021-01-07 13:37:24,910 INFO open empty service auto clean job, initialDelay : 50000 ms, period : 30000 ms

2021-01-07 13:37:24,911 INFO listen for service meta change

2021-01-07 13:43:17,915 INFO GlobalConfig{taskDispatchPeriod=200, batchSyncKeyCount=1000, syncRetryDelay=5000, dataWarmup=true, expireInstance=true, loadDataRetryDelayMillis=30000}

2021-01-07 13:43:19,323 INFO [NACOS-DISTRO] healthy server list changed, old: [1b7c046fb984:8848], new: [1b7c046fb984:8848]

2021-01-07 13:43:20,132 INFO open empty service auto clean job, initialDelay : 50000 ms, period : 30000 ms

2021-01-07 13:43:20,134 INFO listen for service meta change

2021-01-07 13:47:51,673 INFO GlobalConfig{taskDispatchPeriod=200, batchSyncKeyCount=1000, syncRetryDelay=5000, dataWarmup=true, expireInstance=true, loadDataRetryDelayMillis=30000}

2021-01-07 13:47:52,894 INFO [NACOS-DISTRO] healthy server list changed, old: [0c34c7bf57b3:8848], new: [0c34c7bf57b3:8848]

2021-01-07 13:47:53,542 INFO open empty service auto clean job, initialDelay : 50000 ms, period : 30000 ms

2021-01-07 13:47:53,543 INFO listen for service meta change

2021-01-07 13:49:33,271 INFO GlobalConfig{taskDispatchPeriod=200, batchSyncKeyCount=1000, syncRetryDelay=5000, dataWarmup=true, expireInstance=true, loadDataRetryDelayMillis=30000}

2021-01-07 13:49:34,637 INFO [NACOS-DISTRO] healthy server list changed, old: [e6bfa9946b27:8848], new: [e6bfa9946b27:8848]

2021-01-07 13:49:35,323 INFO open empty service auto clean job, initialDelay : 50000 ms, period : 30000 ms

2021-01-07 13:49:35,325 INFO listen for service meta change

2021-01-07 13:51:46,836 INFO GlobalConfig{taskDispatchPeriod=200, batchSyncKeyCount=1000, syncRetryDelay=5000, dataWarmup=true, expireInstance=true, loadDataRetryDelayMillis=30000}

2021-01-07 13:51:48,194 INFO [NACOS-DISTRO] healthy server list changed, old: [172.18.0.3:8848], new: [172.18.0.3:8848]

2021-01-07 13:51:49,063 INFO open empty service auto clean job, initialDelay : 50000 ms, period : 30000 ms

2021-01-07 13:51:49,065 INFO listen for service meta change

2021-01-07 13:52:31,278 INFO GlobalConfig{taskDispatchPeriod=200, batchSyncKeyCount=1000, syncRetryDelay=5000, dataWarmup=true, expireInstance=true, loadDataRetryDelayMillis=30000}

2021-01-07 13:52:32,837 INFO [NACOS-DISTRO] healthy server list changed, old: [172.18.0.3:8848], new: [172.18.0.3:8848]

2021-01-07 13:52:33,635 INFO open empty service auto clean job, initialDelay : 50000 ms, period : 30000 ms

2021-01-07 13:52:33,636 INFO listen for service meta change

2021-01-07 13:56:17,354 INFO GlobalConfig{taskDispatchPeriod=200, batchSyncKeyCount=1000, syncRetryDelay=5000, dataWarmup=true, expireInstance=true, loadDataRetryDelayMillis=30000}

2021-01-07 13:56:18,682 INFO [NACOS-DISTRO] healthy server list changed, old: [172.20.0.3:8848], new: [172.20.0.3:8848]

2021-01-07 13:56:19,401 INFO open empty service auto clean job, initialDelay : 50000 ms, period : 30000 ms

2021-01-07 13:56:19,402 INFO listen for service meta change

2021-01-07 14:39:39,354 INFO GlobalConfig{taskDispatchPeriod=200, batchSyncKeyCount=1000, syncRetryDelay=5000, dataWarmup=true, expireInstance=true, loadDataRetryDelayMillis=30000}

2021-01-07 14:39:40,739 INFO [NACOS-DISTRO] healthy server list changed, old: [7da702685b83:8848], new: [7da702685b83:8848]

2021-01-07 14:39:41,724 INFO open empty service auto clean job, initialDelay : 50000 ms, period : 30000 ms

2021-01-07 14:39:41,725 INFO listen for service meta change

2021-01-07 14:43:32,787 INFO GlobalConfig{taskDispatchPeriod=200, batchSyncKeyCount=1000, syncRetryDelay=5000, dataWarmup=true, expireInstance=true, loadDataRetryDelayMillis=30000}

2021-01-07 14:43:33,968 INFO [NACOS-DISTRO] healthy server list changed, old: [ca482f826d57:8848], new: [ca482f826d57:8848]

2021-01-07 14:43:34,703 INFO open empty service auto clean job, initialDelay : 50000 ms, period : 30000 ms

2021-01-07 14:43:34,704 INFO listen for service meta change

2021-01-07 14:45:49,833 INFO GlobalConfig{taskDispatchPeriod=200, batchSyncKeyCount=1000, syncRetryDelay=5000, dataWarmup=true, expireInstance=true, loadDataRetryDelayMillis=30000}

2021-01-07 14:45:51,079 INFO [NACOS-DISTRO] healthy server list changed, old: [c355ef360e58:8848], new: [c355ef360e58:8848]

2021-01-07 14:45:51,774 INFO open empty service auto clean job, initialDelay : 50000 ms, period : 30000 ms

2021-01-07 14:45:51,775 INFO listen for service meta change

2021-01-07 14:47:55,308 INFO GlobalConfig{taskDispatchPeriod=200, batchSyncKeyCount=1000, syncRetryDelay=5000, dataWarmup=true, expireInstance=true, loadDataRetryDelayMillis=30000}

2021-01-07 14:47:56,784 INFO [NACOS-DISTRO] healthy server list changed, old: [eb4edfc8a696:8848], new: [eb4edfc8a696:8848]

2021-01-07 14:47:57,600 INFO open empty service auto clean job, initialDelay : 50000 ms, period : 30000 ms

2021-01-07 14:47:57,602 INFO listen for service meta change

2021-01-07 14:48:45,543 INFO GlobalConfig{taskDispatchPeriod=200, batchSyncKeyCount=1000, syncRetryDelay=5000, dataWarmup=true, expireInstance=true, loadDataRetryDelayMillis=30000}

2021-01-07 14:48:46,772 INFO [NACOS-DISTRO] healthy server list changed, old: [a6681e44ba9d:8848], new: [a6681e44ba9d:8848]

2021-01-07 14:48:47,447 INFO open empty service auto clean job, initialDelay : 50000 ms, period : 30000 ms

2021-01-07 14:48:47,449 INFO listen for service meta change

2021-01-07 15:06:57,021 INFO GlobalConfig{taskDispatchPeriod=200, batchSyncKeyCount=1000, syncRetryDelay=5000, dataWarmup=true, expireInstance=true, loadDataRetryDelayMillis=30000}

2021-01-07 15:06:58,366 INFO [NACOS-DISTRO] healthy server list changed, old: [5b20e9ece416:8848], new: [5b20e9ece416:8848]

2021-01-07 15:06:59,134 INFO open empty service auto clean job, initialDelay : 50000 ms, period : 30000 ms

2021-01-07 15:06:59,136 INFO listen for service meta change

2021-01-07 15:15:51,664 INFO GlobalConfig{taskDispatchPeriod=200, batchSyncKeyCount=1000, syncRetryDelay=5000, dataWarmup=true, expireInstance=true, loadDataRetryDelayMillis=30000}

2021-01-07 15:15:52,817 INFO [NACOS-DISTRO] healthy server list changed, old: [5b20e9ece416:8848], new: [5b20e9ece416:8848]

2021-01-07 15:15:53,521 INFO open empty service auto clean job, initialDelay : 50000 ms, period : 30000 ms

2021-01-07 15:15:53,522 INFO listen for service meta change

2021-01-07 15:19:56,651 INFO GlobalConfig{taskDispatchPeriod=200, batchSyncKeyCount=1000, syncRetryDelay=5000, dataWarmup=true, expireInstance=true, loadDataRetryDelayMillis=30000}

2021-01-07 15:19:57,916 INFO [NACOS-DISTRO] healthy server list changed, old: [ad851787f17a:8848], new: [ad851787f17a:8848]

2021-01-07 15:19:58,631 INFO open empty service auto clean job, initialDelay : 50000 ms, period : 30000 ms

2021-01-07 15:19:58,632 INFO listen for service meta change

2021-01-07 15:23:58,869 INFO GlobalConfig{taskDispatchPeriod=200, batchSyncKeyCount=1000, syncRetryDelay=5000, dataWarmup=true, expireInstance=true, loadDataRetryDelayMillis=30000}

2021-01-07 15:24:01,428 INFO [NACOS-DISTRO] healthy server list changed, old: [ad851787f17a:8848], new: [ad851787f17a:8848]

2021-01-07 15:24:02,317 INFO open empty service auto clean job, initialDelay : 50000 ms, period : 30000 ms

2021-01-07 15:24:02,318 INFO listen for service meta change

2021-01-07 15:25:59,181 INFO GlobalConfig{taskDispatchPeriod=200, batchSyncKeyCount=1000, syncRetryDelay=5000, dataWarmup=true, expireInstance=true, loadDataRetryDelayMillis=30000}

2021-01-07 15:26:00,710 INFO [NACOS-DISTRO] healthy server list changed, old: [402fb5796930:8848], new: [402fb5796930:8848]

2021-01-07 15:26:01,690 INFO open empty service auto clean job, initialDelay : 50000 ms, period : 30000 ms

2021-01-07 15:26:01,693 INFO listen for service meta change

2021-01-07 15:30:40,919 INFO GlobalConfig{taskDispatchPeriod=200, batchSyncKeyCount=1000, syncRetryDelay=5000, dataWarmup=true, expireInstance=true, loadDataRetryDelayMillis=30000}

2021-01-07 15:30:42,568 INFO [NACOS-DISTRO] healthy server list changed, old: [3941e0156b63:8848], new: [3941e0156b63:8848]

2021-01-07 15:30:43,666 INFO open empty service auto clean job, initialDelay : 50000 ms, period : 30000 ms

2021-01-07 15:30:43,668 INFO listen for service meta change

2021-01-07 15:45:22,399 INFO GlobalConfig{taskDispatchPeriod=200, batchSyncKeyCount=1000, syncRetryDelay=5000, dataWarmup=true, expireInstance=true, loadDataRetryDelayMillis=30000}

2021-01-07 15:45:24,479 INFO [NACOS-DISTRO] healthy server list changed, old: [3941e0156b63:8848], new: [3941e0156b63:8848]

2021-01-07 15:45:25,724 INFO open empty service auto clean job, initialDelay : 50000 ms, period : 30000 ms

2021-01-07 15:45:25,726 INFO listen for service meta change

2021-01-07 15:49:50,984 INFO GlobalConfig{taskDispatchPeriod=200, batchSyncKeyCount=1000, syncRetryDelay=5000, dataWarmup=true, expireInstance=true, loadDataRetryDelayMillis=30000}

2021-01-07 15:49:52,435 INFO [NACOS-DISTRO] healthy server list changed, old: [3941e0156b63:8848], new: [3941e0156b63:8848]

2021-01-07 15:49:53,220 INFO open empty service auto clean job, initialDelay : 50000 ms, period : 30000 ms

2021-01-07 15:49:53,222 INFO listen for service meta change

